app/build/intermediates/manifest_merge_blame_file/debug/manifest-merger-blame-debug-report.txt
1<?xml version="1.0" encoding="utf-8"?>
2<manifest xmlns:android="http://schemas.android.com/apk/res/android"
3    package="com.example.wakeupassistant"
4    android:versionCode="1"
5    android:versionName="1.0" >
6
7    <uses-sdk
8        android:minSdkVersion="26"
9        android:targetSdkVersion="34" />
10
11    <!-- ── Permissions ─────────────────────────────────────────────── -->
12    <uses-permission android:name="android.permission.RECORD_AUDIO" />
12-->src\main\AndroidManifest.xml:6:5-71
12-->src\main\AndroidManifest.xml:6:22-68
13    <uses-permission android:name="android.permission.CAMERA" />
13-->src\main\AndroidManifest.xml:7:5-65
13-->src\main\AndroidManifest.xml:7:22-62
14    <uses-permission android:name="android.permission.INTERNET" />
14-->src\main\AndroidManifest.xml:8:5-67
14-->src\main\AndroidManifest.xml:8:22-64
15    <uses-permission android:name="android.permission.ACCESS_NETWORK_STATE" />
15-->src\main\AndroidManifest.xml:9:5-79
15-->src\main\AndroidManifest.xml:9:22-76
16    <uses-permission android:name="android.permission.ACCESS_WIFI_STATE" />
16-->src\main\AndroidManifest.xml:10:5-76
16-->src\main\AndroidManifest.xml:10:22-73
17    <uses-permission android:name="android.permission.VIBRATE" />
17-->src\main\AndroidManifest.xml:11:5-66
17-->src\main\AndroidManifest.xml:11:22-63
18
19    <!-- BLE (Android 12+) -->
20    <uses-permission
20-->src\main\AndroidManifest.xml:14:5-15:58
21        android:name="android.permission.BLUETOOTH_SCAN"
21-->src\main\AndroidManifest.xml:14:22-70
22        android:usesPermissionFlags="neverForLocation" />
22-->src\main\AndroidManifest.xml:15:9-55
23    <uses-permission android:name="android.permission.BLUETOOTH_CONNECT" />
23-->src\main\AndroidManifest.xml:16:5-76
23-->src\main\AndroidManifest.xml:16:22-73
24    <!-- BLE (pre-Android 12) -->
25    <uses-permission android:name="android.permission.ACCESS_FINE_LOCATION" />
25-->src\main\AndroidManifest.xml:18:5-79
25-->src\main\AndroidManifest.xml:18:22-76
26
27    <!-- Hardware features -->
28    <uses-feature
28-->src\main\AndroidManifest.xml:21:5-88
29        android:name="android.hardware.camera.any"
29-->src\main\AndroidManifest.xml:21:19-61
30        android:required="true" />
30-->src\main\AndroidManifest.xml:21:62-85
31    <uses-feature
31-->src\main\AndroidManifest.xml:22:5-88
32        android:name="android.hardware.microphone"
32-->src\main\AndroidManifest.xml:22:19-61
33        android:required="true" />
33-->src\main\AndroidManifest.xml:22:62-85
34    <uses-feature
34-->src\main\AndroidManifest.xml:23:5-90
35        android:name="android.hardware.bluetooth_le"
35-->src\main\AndroidManifest.xml:23:19-63
36        android:required="true" />
36-->src\main\AndroidManifest.xml:23:64-87
37
38    <permission
38-->[androidx.core:core:1.12.0] AndroidManifest.xml:22:5-24:47
39        android:name="com.example.wakeupassistant.DYNAMIC_RECEIVER_NOT_EXPORTED_PERMISSION"
39-->[androidx.core:core:1.12.0] AndroidManifest.xml:23:9-81
40        android:protectionLevel="signature" />
40-->[androidx.core:core:1.12.0] AndroidManifest.xml:24:9-44
41
42    <uses-permission android:name="com.example.wakeupassistant.DYNAMIC_RECEIVER_NOT_EXPORTED_PERMISSION" />
42-->[androidx.core:core:1.12.0] AndroidManifest.xml:26:5-97
42-->[androidx.core:core:1.12.0] AndroidManifest.xml:26:22-94
43    <uses-permission android:name="android.permission.WRITE_EXTERNAL_STORAGE" />
44    <uses-permission android:name="android.permission.READ_PHONE_STATE" />
45    <uses-permission android:name="android.permission.READ_EXTERNAL_STORAGE" />
46
47    <application
47-->src\main\AndroidManifest.xml:25:5-46:19
48        android:allowBackup="true"
48-->src\main\AndroidManifest.xml:26:9-35
49        android:appComponentFactory="androidx.core.app.CoreComponentFactory"
49-->[androidx.core:core:1.12.0] AndroidManifest.xml:28:18-86
50        android:debuggable="true"
51        android:extractNativeLibs="false"
52        android:icon="@mipmap/ic_launcher"
52-->src\main\AndroidManifest.xml:27:9-43
53        android:label="SenseNet"
53-->src\main\AndroidManifest.xml:28:9-33
54        android:roundIcon="@mipmap/ic_launcher_round"
54-->src\main\AndroidManifest.xml:29:9-54
55        android:supportsRtl="true"
55-->src\main\AndroidManifest.xml:30:9-35
56        android:testOnly="true"
57        android:theme="@style/Theme.AppCompat.Light.NoActionBar"
57-->src\main\AndroidManifest.xml:31:9-65
58        android:usesCleartextTraffic="true" >
58-->src\main\AndroidManifest.xml:32:9-44
59
60        <!--
61            usesCleartextTraffic=true is required because the ESP32
62            runs a plain HTTP server on the local hotspot (no TLS).
63        -->
64
65        <activity
65-->src\main\AndroidManifest.xml:38:9-45:20
66            android:name="com.example.wakeupassistant.MainActivity"
66-->src\main\AndroidManifest.xml:39:13-41
67            android:exported="true" >
67-->src\main\AndroidManifest.xml:40:13-36
68            <intent-filter>
68-->src\main\AndroidManifest.xml:41:13-44:29
69                <action android:name="android.intent.action.MAIN" />
69-->src\main\AndroidManifest.xml:42:17-69
69-->src\main\AndroidManifest.xml:42:25-66
70
71                <category android:name="android.intent.category.LAUNCHER" />
71-->src\main\AndroidManifest.xml:43:17-77
71-->src\main\AndroidManifest.xml:43:27-74
72            </intent-filter>
73        </activity>
74
75        <service
75-->[androidx.camera:camera-camera2:1.3.1] AndroidManifest.xml:24:9-33:19
76            android:name="androidx.camera.core.impl.MetadataHolderService"
76-->[androidx.camera:camera-camera2:1.3.1] AndroidManifest.xml:25:13-75
77            android:enabled="false"
77-->[androidx.camera:camera-camera2:1.3.1] AndroidManifest.xml:26:13-36
78            android:exported="false" >
78-->[androidx.camera:camera-camera2:1.3.1] AndroidManifest.xml:27:13-37
79            <meta-data
79-->[androidx.camera:camera-camera2:1.3.1] AndroidManifest.xml:30:13-32:89
80                android:name="androidx.camera.core.impl.MetadataHolderService.DEFAULT_CONFIG_PROVIDER"
80-->[androidx.camera:camera-camera2:1.3.1] AndroidManifest.xml:31:17-103
81                android:value="androidx.camera.camera2.Camera2Config$DefaultProvider" />
81-->[androidx.camera:camera-camera2:1.3.1] AndroidManifest.xml:32:17-86
82        </service>
83
84        <provider
84-->[androidx.emoji2:emoji2:1.2.0] AndroidManifest.xml:24:9-32:20
85            android:name="androidx.startup.InitializationProvider"
85-->[androidx.emoji2:emoji2:1.2.0] AndroidManifest.xml:25:13-67
86            android:authorities="com.example.wakeupassistant.androidx-startup"
86-->[androidx.emoji2:emoji2:1.2.0] AndroidManifest.xml:26:13-68
87            android:exported="false" >
87-->[androidx.emoji2:emoji2:1.2.0] AndroidManifest.xml:27:13-37
88            <meta-data
88-->[androidx.emoji2:emoji2:1.2.0] AndroidManifest.xml:29:13-31:52
89                android:name="androidx.emoji2.text.EmojiCompatInitializer"
89-->[androidx.emoji2:emoji2:1.2.0] AndroidManifest.xml:30:17-75
90                android:value="androidx.startup" />
90-->[androidx.emoji2:emoji2:1.2.0] AndroidManifest.xml:31:17-49
91            <meta-data
91-->[androidx.lifecycle:lifecycle-process:2.4.1] AndroidManifest.xml:31:13-33:52
92                android:name="androidx.lifecycle.ProcessLifecycleInitializer"
92-->[androidx.lifecycle:lifecycle-process:2.4.1] AndroidManifest.xml:32:17-78
93                android:value="androidx.startup" />
93-->[androidx.lifecycle:lifecycle-process:2.4.1] AndroidManifest.xml:33:17-49
94        </provider>
95    </application>
96
97</manifest>